TN:
SF:functions.js
FN:4,criarContato
FN:29,removerContato
FN:30,(anonymous_2)
FN:36,(anonymous_3)
FN:41,listarContato
FNF:5
FNH:5
FNDA:6,criarContato
FNDA:3,removerContato
FNDA:4,(anonymous_2)
FNDA:2,(anonymous_3)
FNDA:4,listarContato
DA:1,1
DA:2,1
DA:5,6
DA:6,1
DA:9,5
DA:10,1
DA:13,4
DA:14,1
DA:17,3
DA:24,3
DA:26,3
DA:30,4
DA:32,3
DA:33,2
DA:36,2
DA:38,1
DA:42,4
DA:43,1
DA:46,3
DA:49,1
LF:20
LH:20
BRDA:5,0,0,1
BRDA:5,0,1,5
BRDA:9,1,0,1
BRDA:9,1,1,4
BRDA:13,2,0,1
BRDA:13,2,1,3
BRDA:32,3,0,2
BRDA:32,3,1,1
BRDA:42,4,0,1
BRDA:42,4,1,3
BRF:10
BRH:10
end_of_record
